mode: set
github.com/vvwind/2025-MAI-Backend-V-Vetrov/internal/controller/marketplace_controller.go:25.119,30.2 1 1
github.com/vvwind/2025-MAI-Backend-V-Vetrov/internal/controller/marketplace_controller.go:32.68,48.2 11 0
github.com/vvwind/2025-MAI-Backend-V-Vetrov/internal/controller/marketplace_controller.go:50.84,56.15 3 1
github.com/vvwind/2025-MAI-Backend-V-Vetrov/internal/controller/marketplace_controller.go:56.15,57.17 1 1
github.com/vvwind/2025-MAI-Backend-V-Vetrov/internal/controller/marketplace_controller.go:57.17,59.4 1 1
github.com/vvwind/2025-MAI-Backend-V-Vetrov/internal/controller/marketplace_controller.go:62.2,67.61 4 1
github.com/vvwind/2025-MAI-Backend-V-Vetrov/internal/controller/marketplace_controller.go:67.61,70.3 2 0
github.com/vvwind/2025-MAI-Backend-V-Vetrov/internal/controller/marketplace_controller.go:73.2,73.65 1 1
github.com/vvwind/2025-MAI-Backend-V-Vetrov/internal/controller/marketplace_controller.go:73.65,76.3 2 1
github.com/vvwind/2025-MAI-Backend-V-Vetrov/internal/controller/marketplace_controller.go:78.2,78.52 1 1
github.com/vvwind/2025-MAI-Backend-V-Vetrov/internal/controller/marketplace_controller.go:78.52,81.3 2 1
github.com/vvwind/2025-MAI-Backend-V-Vetrov/internal/controller/marketplace_controller.go:84.2,85.16 2 1
github.com/vvwind/2025-MAI-Backend-V-Vetrov/internal/controller/marketplace_controller.go:85.16,88.3 2 0
github.com/vvwind/2025-MAI-Backend-V-Vetrov/internal/controller/marketplace_controller.go:91.2,92.16 2 1
github.com/vvwind/2025-MAI-Backend-V-Vetrov/internal/controller/marketplace_controller.go:92.16,96.3 2 1
github.com/vvwind/2025-MAI-Backend-V-Vetrov/internal/controller/marketplace_controller.go:99.2,104.4 1 1
github.com/vvwind/2025-MAI-Backend-V-Vetrov/internal/controller/marketplace_controller.go:107.83,113.15 3 1
github.com/vvwind/2025-MAI-Backend-V-Vetrov/internal/controller/marketplace_controller.go:113.15,114.17 1 1
github.com/vvwind/2025-MAI-Backend-V-Vetrov/internal/controller/marketplace_controller.go:114.17,116.4 1 1
github.com/vvwind/2025-MAI-Backend-V-Vetrov/internal/controller/marketplace_controller.go:119.2,123.66 4 1
github.com/vvwind/2025-MAI-Backend-V-Vetrov/internal/controller/marketplace_controller.go:123.66,126.3 2 0
github.com/vvwind/2025-MAI-Backend-V-Vetrov/internal/controller/marketplace_controller.go:129.2,129.53 1 1
github.com/vvwind/2025-MAI-Backend-V-Vetrov/internal/controller/marketplace_controller.go:129.53,132.3 2 1
github.com/vvwind/2025-MAI-Backend-V-Vetrov/internal/controller/marketplace_controller.go:135.2,136.16 2 1
github.com/vvwind/2025-MAI-Backend-V-Vetrov/internal/controller/marketplace_controller.go:136.16,139.3 2 1
github.com/vvwind/2025-MAI-Backend-V-Vetrov/internal/controller/marketplace_controller.go:141.2,143.4 1 1
github.com/vvwind/2025-MAI-Backend-V-Vetrov/internal/controller/marketplace_controller.go:146.88,152.15 3 0
github.com/vvwind/2025-MAI-Backend-V-Vetrov/internal/controller/marketplace_controller.go:152.15,153.17 1 0
github.com/vvwind/2025-MAI-Backend-V-Vetrov/internal/controller/marketplace_controller.go:153.17,155.4 1 0
github.com/vvwind/2025-MAI-Backend-V-Vetrov/internal/controller/marketplace_controller.go:158.2,162.16 4 0
github.com/vvwind/2025-MAI-Backend-V-Vetrov/internal/controller/marketplace_controller.go:162.16,165.3 2 0
github.com/vvwind/2025-MAI-Backend-V-Vetrov/internal/controller/marketplace_controller.go:167.2,167.21 1 0
github.com/vvwind/2025-MAI-Backend-V-Vetrov/internal/controller/marketplace_controller.go:167.21,169.3 1 0
github.com/vvwind/2025-MAI-Backend-V-Vetrov/internal/controller/marketplace_controller.go:171.2,171.51 1 0
github.com/vvwind/2025-MAI-Backend-V-Vetrov/internal/controller/marketplace_controller.go:174.88,180.15 3 1
github.com/vvwind/2025-MAI-Backend-V-Vetrov/internal/controller/marketplace_controller.go:180.15,181.17 1 1
github.com/vvwind/2025-MAI-Backend-V-Vetrov/internal/controller/marketplace_controller.go:181.17,183.4 1 1
github.com/vvwind/2025-MAI-Backend-V-Vetrov/internal/controller/marketplace_controller.go:186.2,192.16 6 1
github.com/vvwind/2025-MAI-Backend-V-Vetrov/internal/controller/marketplace_controller.go:192.16,195.3 2 1
github.com/vvwind/2025-MAI-Backend-V-Vetrov/internal/controller/marketplace_controller.go:197.2,198.16 2 1
github.com/vvwind/2025-MAI-Backend-V-Vetrov/internal/controller/marketplace_controller.go:198.16,201.3 2 1
github.com/vvwind/2025-MAI-Backend-V-Vetrov/internal/controller/marketplace_controller.go:202.2,202.20 1 1
github.com/vvwind/2025-MAI-Backend-V-Vetrov/internal/controller/marketplace_controller.go:202.20,205.3 2 1
github.com/vvwind/2025-MAI-Backend-V-Vetrov/internal/controller/marketplace_controller.go:206.2,206.50 1 1
github.com/vvwind/2025-MAI-Backend-V-Vetrov/internal/controller/marketplace_controller.go:209.87,215.15 3 1
github.com/vvwind/2025-MAI-Backend-V-Vetrov/internal/controller/marketplace_controller.go:215.15,216.17 1 1
github.com/vvwind/2025-MAI-Backend-V-Vetrov/internal/controller/marketplace_controller.go:216.17,218.4 1 0
github.com/vvwind/2025-MAI-Backend-V-Vetrov/internal/controller/marketplace_controller.go:221.2,226.63 4 1
github.com/vvwind/2025-MAI-Backend-V-Vetrov/internal/controller/marketplace_controller.go:226.63,229.3 2 1
github.com/vvwind/2025-MAI-Backend-V-Vetrov/internal/controller/marketplace_controller.go:232.2,232.92 1 1
github.com/vvwind/2025-MAI-Backend-V-Vetrov/internal/controller/marketplace_controller.go:232.92,235.3 2 0
github.com/vvwind/2025-MAI-Backend-V-Vetrov/internal/controller/marketplace_controller.go:237.2,238.9 2 1
github.com/vvwind/2025-MAI-Backend-V-Vetrov/internal/controller/marketplace_controller.go:238.9,241.3 2 0
github.com/vvwind/2025-MAI-Backend-V-Vetrov/internal/controller/marketplace_controller.go:243.2,244.9 2 1
github.com/vvwind/2025-MAI-Backend-V-Vetrov/internal/controller/marketplace_controller.go:244.9,247.3 2 0
github.com/vvwind/2025-MAI-Backend-V-Vetrov/internal/controller/marketplace_controller.go:249.2,250.16 2 1
github.com/vvwind/2025-MAI-Backend-V-Vetrov/internal/controller/marketplace_controller.go:250.16,253.3 2 0
github.com/vvwind/2025-MAI-Backend-V-Vetrov/internal/controller/marketplace_controller.go:255.2,256.16 2 1
github.com/vvwind/2025-MAI-Backend-V-Vetrov/internal/controller/marketplace_controller.go:256.16,259.3 2 0
github.com/vvwind/2025-MAI-Backend-V-Vetrov/internal/controller/marketplace_controller.go:261.2,261.55 1 1
github.com/vvwind/2025-MAI-Backend-V-Vetrov/internal/controller/marketplace_controller.go:264.83,270.15 3 1
github.com/vvwind/2025-MAI-Backend-V-Vetrov/internal/controller/marketplace_controller.go:270.15,271.17 1 1
github.com/vvwind/2025-MAI-Backend-V-Vetrov/internal/controller/marketplace_controller.go:271.17,273.4 1 1
github.com/vvwind/2025-MAI-Backend-V-Vetrov/internal/controller/marketplace_controller.go:276.2,277.9 2 1
github.com/vvwind/2025-MAI-Backend-V-Vetrov/internal/controller/marketplace_controller.go:277.9,280.3 2 0
github.com/vvwind/2025-MAI-Backend-V-Vetrov/internal/controller/marketplace_controller.go:282.2,285.16 4 1
github.com/vvwind/2025-MAI-Backend-V-Vetrov/internal/controller/marketplace_controller.go:285.16,288.3 2 1
github.com/vvwind/2025-MAI-Backend-V-Vetrov/internal/controller/marketplace_controller.go:290.2,294.9 4 1
github.com/vvwind/2025-MAI-Backend-V-Vetrov/internal/controller/marketplace_controller.go:294.9,297.3 2 0
github.com/vvwind/2025-MAI-Backend-V-Vetrov/internal/controller/marketplace_controller.go:299.2,300.16 2 1
github.com/vvwind/2025-MAI-Backend-V-Vetrov/internal/controller/marketplace_controller.go:300.16,303.3 2 0
github.com/vvwind/2025-MAI-Backend-V-Vetrov/internal/controller/marketplace_controller.go:305.2,307.16 2 1
github.com/vvwind/2025-MAI-Backend-V-Vetrov/internal/controller/marketplace_controller.go:307.16,310.3 2 1
github.com/vvwind/2025-MAI-Backend-V-Vetrov/internal/controller/marketplace_controller.go:312.2,312.58 1 1
github.com/vvwind/2025-MAI-Backend-V-Vetrov/internal/controller/marketplace_controller.go:315.84,321.15 3 1
github.com/vvwind/2025-MAI-Backend-V-Vetrov/internal/controller/marketplace_controller.go:321.15,322.17 1 1
github.com/vvwind/2025-MAI-Backend-V-Vetrov/internal/controller/marketplace_controller.go:322.17,324.4 1 1
github.com/vvwind/2025-MAI-Backend-V-Vetrov/internal/controller/marketplace_controller.go:327.2,328.9 2 1
github.com/vvwind/2025-MAI-Backend-V-Vetrov/internal/controller/marketplace_controller.go:328.9,331.3 2 0
github.com/vvwind/2025-MAI-Backend-V-Vetrov/internal/controller/marketplace_controller.go:333.2,336.16 4 1
github.com/vvwind/2025-MAI-Backend-V-Vetrov/internal/controller/marketplace_controller.go:336.16,339.3 2 1
github.com/vvwind/2025-MAI-Backend-V-Vetrov/internal/controller/marketplace_controller.go:341.2,345.9 4 1
github.com/vvwind/2025-MAI-Backend-V-Vetrov/internal/controller/marketplace_controller.go:345.9,348.3 2 0
github.com/vvwind/2025-MAI-Backend-V-Vetrov/internal/controller/marketplace_controller.go:350.2,351.16 2 1
github.com/vvwind/2025-MAI-Backend-V-Vetrov/internal/controller/marketplace_controller.go:351.16,354.3 2 0
github.com/vvwind/2025-MAI-Backend-V-Vetrov/internal/controller/marketplace_controller.go:356.2,358.16 2 1
github.com/vvwind/2025-MAI-Backend-V-Vetrov/internal/controller/marketplace_controller.go:358.16,361.3 2 1
github.com/vvwind/2025-MAI-Backend-V-Vetrov/internal/controller/marketplace_controller.go:363.2,363.62 1 1
github.com/vvwind/2025-MAI-Backend-V-Vetrov/internal/controller/marketplace_controller.go:366.87,372.15 3 1
github.com/vvwind/2025-MAI-Backend-V-Vetrov/internal/controller/marketplace_controller.go:372.15,373.17 1 1
github.com/vvwind/2025-MAI-Backend-V-Vetrov/internal/controller/marketplace_controller.go:373.17,375.4 1 1
github.com/vvwind/2025-MAI-Backend-V-Vetrov/internal/controller/marketplace_controller.go:378.2,379.9 2 1
github.com/vvwind/2025-MAI-Backend-V-Vetrov/internal/controller/marketplace_controller.go:379.9,382.3 2 1
github.com/vvwind/2025-MAI-Backend-V-Vetrov/internal/controller/marketplace_controller.go:384.2,385.9 2 1
github.com/vvwind/2025-MAI-Backend-V-Vetrov/internal/controller/marketplace_controller.go:385.9,388.3 2 0
github.com/vvwind/2025-MAI-Backend-V-Vetrov/internal/controller/marketplace_controller.go:390.2,396.16 6 1
github.com/vvwind/2025-MAI-Backend-V-Vetrov/internal/controller/marketplace_controller.go:396.16,399.3 2 1
github.com/vvwind/2025-MAI-Backend-V-Vetrov/internal/controller/marketplace_controller.go:401.2,402.69 2 1
github.com/vvwind/2025-MAI-Backend-V-Vetrov/internal/controller/marketplace_controller.go:402.69,405.3 2 0
github.com/vvwind/2025-MAI-Backend-V-Vetrov/internal/controller/marketplace_controller.go:407.2,407.53 1 1
github.com/vvwind/2025-MAI-Backend-V-Vetrov/internal/controller/marketplace_controller.go:407.53,410.3 2 0
github.com/vvwind/2025-MAI-Backend-V-Vetrov/internal/controller/marketplace_controller.go:412.2,413.80 1 1
github.com/vvwind/2025-MAI-Backend-V-Vetrov/internal/controller/marketplace_controller.go:413.80,416.3 2 1
github.com/vvwind/2025-MAI-Backend-V-Vetrov/internal/controller/marketplace_controller.go:418.2,419.16 2 1
github.com/vvwind/2025-MAI-Backend-V-Vetrov/internal/controller/marketplace_controller.go:419.16,422.3 2 0
github.com/vvwind/2025-MAI-Backend-V-Vetrov/internal/controller/marketplace_controller.go:424.2,425.16 2 1
github.com/vvwind/2025-MAI-Backend-V-Vetrov/internal/controller/marketplace_controller.go:425.16,428.3 2 0
github.com/vvwind/2025-MAI-Backend-V-Vetrov/internal/controller/marketplace_controller.go:430.2,430.48 1 1
github.com/vvwind/2025-MAI-Backend-V-Vetrov/internal/controller/marketplace_controller.go:433.87,439.15 3 1
github.com/vvwind/2025-MAI-Backend-V-Vetrov/internal/controller/marketplace_controller.go:439.15,440.17 1 1
github.com/vvwind/2025-MAI-Backend-V-Vetrov/internal/controller/marketplace_controller.go:440.17,442.4 1 1
github.com/vvwind/2025-MAI-Backend-V-Vetrov/internal/controller/marketplace_controller.go:445.2,451.16 6 1
github.com/vvwind/2025-MAI-Backend-V-Vetrov/internal/controller/marketplace_controller.go:451.16,454.3 2 1
github.com/vvwind/2025-MAI-Backend-V-Vetrov/internal/controller/marketplace_controller.go:456.2,457.16 2 1
github.com/vvwind/2025-MAI-Backend-V-Vetrov/internal/controller/marketplace_controller.go:457.16,460.3 2 1
github.com/vvwind/2025-MAI-Backend-V-Vetrov/internal/controller/marketplace_controller.go:461.2,461.103 1 1
github.com/vvwind/2025-MAI-Backend-V-Vetrov/internal/controller/test_factory.go:18.42,26.25 2 1
github.com/vvwind/2025-MAI-Backend-V-Vetrov/internal/controller/test_factory.go:26.25,28.3 1 1
github.com/vvwind/2025-MAI-Backend-V-Vetrov/internal/controller/test_factory.go:29.2,29.22 1 1
github.com/vvwind/2025-MAI-Backend-V-Vetrov/internal/controller/test_factory.go:29.22,31.3 1 1
github.com/vvwind/2025-MAI-Backend-V-Vetrov/internal/controller/test_factory.go:32.2,32.21 1 1
github.com/vvwind/2025-MAI-Backend-V-Vetrov/internal/controller/test_factory.go:32.21,34.3 1 0
github.com/vvwind/2025-MAI-Backend-V-Vetrov/internal/controller/test_factory.go:35.2,35.18 1 1
github.com/vvwind/2025-MAI-Backend-V-Vetrov/internal/controller/test_factory.go:35.18,37.3 1 1
github.com/vvwind/2025-MAI-Backend-V-Vetrov/internal/controller/test_factory.go:39.2,39.13 1 1
github.com/vvwind/2025-MAI-Backend-V-Vetrov/internal/controller/test_factory.go:49.58,57.25 2 1
github.com/vvwind/2025-MAI-Backend-V-Vetrov/internal/controller/test_factory.go:57.25,59.3 1 1
github.com/vvwind/2025-MAI-Backend-V-Vetrov/internal/controller/test_factory.go:60.2,60.22 1 1
github.com/vvwind/2025-MAI-Backend-V-Vetrov/internal/controller/test_factory.go:60.22,62.3 1 1
github.com/vvwind/2025-MAI-Backend-V-Vetrov/internal/controller/test_factory.go:63.2,63.25 1 1
github.com/vvwind/2025-MAI-Backend-V-Vetrov/internal/controller/test_factory.go:63.25,65.3 1 1
github.com/vvwind/2025-MAI-Backend-V-Vetrov/internal/controller/test_factory.go:66.2,66.21 1 1
github.com/vvwind/2025-MAI-Backend-V-Vetrov/internal/controller/test_factory.go:66.21,68.3 1 1
github.com/vvwind/2025-MAI-Backend-V-Vetrov/internal/controller/test_factory.go:70.2,70.13 1 1
github.com/vvwind/2025-MAI-Backend-V-Vetrov/internal/controller/test_factory.go:78.52,84.23 2 1
github.com/vvwind/2025-MAI-Backend-V-Vetrov/internal/controller/test_factory.go:84.23,86.3 1 1
github.com/vvwind/2025-MAI-Backend-V-Vetrov/internal/controller/test_factory.go:87.2,87.26 1 1
github.com/vvwind/2025-MAI-Backend-V-Vetrov/internal/controller/test_factory.go:87.26,89.3 1 1
github.com/vvwind/2025-MAI-Backend-V-Vetrov/internal/controller/test_factory.go:91.2,91.14 1 1
github.com/vvwind/2025-MAI-Backend-V-Vetrov/internal/controller/test_factory.go:105.48,117.25 2 0
github.com/vvwind/2025-MAI-Backend-V-Vetrov/internal/controller/test_factory.go:117.25,119.3 1 0
github.com/vvwind/2025-MAI-Backend-V-Vetrov/internal/controller/test_factory.go:120.2,120.30 1 0
github.com/vvwind/2025-MAI-Backend-V-Vetrov/internal/controller/test_factory.go:120.30,122.3 1 0
github.com/vvwind/2025-MAI-Backend-V-Vetrov/internal/controller/test_factory.go:123.2,123.38 1 0
github.com/vvwind/2025-MAI-Backend-V-Vetrov/internal/controller/test_factory.go:123.38,125.3 1 0
github.com/vvwind/2025-MAI-Backend-V-Vetrov/internal/controller/test_factory.go:126.2,126.32 1 0
github.com/vvwind/2025-MAI-Backend-V-Vetrov/internal/controller/test_factory.go:126.32,128.3 1 0
github.com/vvwind/2025-MAI-Backend-V-Vetrov/internal/controller/test_factory.go:129.2,129.24 1 0
github.com/vvwind/2025-MAI-Backend-V-Vetrov/internal/controller/test_factory.go:129.24,131.3 1 0
github.com/vvwind/2025-MAI-Backend-V-Vetrov/internal/controller/test_factory.go:132.2,132.25 1 0
github.com/vvwind/2025-MAI-Backend-V-Vetrov/internal/controller/test_factory.go:132.25,134.3 1 0
github.com/vvwind/2025-MAI-Backend-V-Vetrov/internal/controller/test_factory.go:135.2,135.27 1 0
github.com/vvwind/2025-MAI-Backend-V-Vetrov/internal/controller/test_factory.go:135.27,137.3 1 0
github.com/vvwind/2025-MAI-Backend-V-Vetrov/internal/controller/test_factory.go:138.2,138.21 1 0
github.com/vvwind/2025-MAI-Backend-V-Vetrov/internal/controller/test_factory.go:138.21,140.3 1 0
github.com/vvwind/2025-MAI-Backend-V-Vetrov/internal/controller/test_factory.go:142.2,142.16 1 0
github.com/vvwind/2025-MAI-Backend-V-Vetrov/internal/controller/test_factory.go:153.74,162.21 2 0
github.com/vvwind/2025-MAI-Backend-V-Vetrov/internal/controller/test_factory.go:162.21,164.3 1 0
github.com/vvwind/2025-MAI-Backend-V-Vetrov/internal/controller/test_factory.go:165.2,165.34 1 0
github.com/vvwind/2025-MAI-Backend-V-Vetrov/internal/controller/test_factory.go:165.34,167.3 1 0
github.com/vvwind/2025-MAI-Backend-V-Vetrov/internal/controller/test_factory.go:168.2,168.28 1 0
github.com/vvwind/2025-MAI-Backend-V-Vetrov/internal/controller/test_factory.go:168.28,170.3 1 0
github.com/vvwind/2025-MAI-Backend-V-Vetrov/internal/controller/test_factory.go:171.2,171.20 1 0
github.com/vvwind/2025-MAI-Backend-V-Vetrov/internal/controller/test_factory.go:171.20,173.3 1 0
github.com/vvwind/2025-MAI-Backend-V-Vetrov/internal/controller/test_factory.go:174.2,174.21 1 0
github.com/vvwind/2025-MAI-Backend-V-Vetrov/internal/controller/test_factory.go:174.21,176.3 1 0
github.com/vvwind/2025-MAI-Backend-V-Vetrov/internal/controller/test_factory.go:178.2,178.12 1 0
github.com/vvwind/2025-MAI-Backend-V-Vetrov/internal/controller/test_factory.go:189.74,198.21 2 0
github.com/vvwind/2025-MAI-Backend-V-Vetrov/internal/controller/test_factory.go:198.21,200.3 1 0
github.com/vvwind/2025-MAI-Backend-V-Vetrov/internal/controller/test_factory.go:201.2,201.34 1 0
github.com/vvwind/2025-MAI-Backend-V-Vetrov/internal/controller/test_factory.go:201.34,203.3 1 0
github.com/vvwind/2025-MAI-Backend-V-Vetrov/internal/controller/test_factory.go:204.2,204.28 1 0
github.com/vvwind/2025-MAI-Backend-V-Vetrov/internal/controller/test_factory.go:204.28,206.3 1 0
github.com/vvwind/2025-MAI-Backend-V-Vetrov/internal/controller/test_factory.go:207.2,207.20 1 0
github.com/vvwind/2025-MAI-Backend-V-Vetrov/internal/controller/test_factory.go:207.20,209.3 1 0
github.com/vvwind/2025-MAI-Backend-V-Vetrov/internal/controller/test_factory.go:210.2,210.21 1 0
github.com/vvwind/2025-MAI-Backend-V-Vetrov/internal/controller/test_factory.go:210.21,212.3 1 0
github.com/vvwind/2025-MAI-Backend-V-Vetrov/internal/controller/test_factory.go:214.2,214.12 1 0
